# JRE version: OpenJDK Runtime Environment Temurin-17.0.4.1+1 (17.0.4.1+1) (build 17.0.4.1+1)
# Java VM: OpenJDK 64-Bit Server VM Temurin-17.0.4.1+1 (17.0.4.1+1, mixed mode, tiered, compressed oops, compressed class ptrs, parallel gc, windows-amd64)
GC Precious Log:
 CPUs: 4 total, 4 available
 Memory: 8083M
 Large Page Support: Disabled
 NUMA Support: Disabled
 Compressed Oops: Enabled (32-bit)
 Alignments: Space 512K, Generation 512K, Heap 2M
 Heap Min Capacity: 100M
 Heap Initial Capacity: 100M
 Heap Max Capacity: 1G
 Pre-touch: Disabled
 Parallel Workers: 4
Heap:
 PSYoungGen      total 13824K, used 13760K [0x00000000eab00000, 0x00000000ebb00000, 0x0000000100000000)
  eden space 12288K, 100% used [0x00000000eab00000,0x00000000eb700000,0x00000000eb700000)
  from space 1536K, 95% used [0x00000000eb700000,0x00000000eb870000,0x00000000eb880000)
  to   space 2048K, 0% used [0x00000000eb900000,0x00000000eb900000,0x00000000ebb00000)
 ParOldGen       total 92160K, used 74444K [0x00000000c0000000, 0x00000000c5a00000, 0x00000000eab00000)
  object space 92160K, 80% used [0x00000000c0000000,0x00000000c48b3380,0x00000000c5a00000)
 Metaspace       used 71169K, committed 72192K, reserved 1114112K
  class space    used 8500K, committed 8960K, reserved 1048576K
GC Heap History (20 events):
Event: 134.350 GC heap before
{Heap before GC invocations=67 (full 4):
 PSYoungGen      total 16896K, used 14336K [0x00000000eab00000, 0x00000000ebe00000, 0x0000000100000000)
  eden space 14336K, 100% used [0x00000000eab00000,0x00000000eb900000,0x00000000eb900000)
  from space 2560K, 0% used [0x00000000eb900000,0x00000000eb900000,0x00000000ebb80000)
  to   space 2560K, 0% used [0x00000000ebb80000,0x00000000ebb80000,0x00000000ebe00000)
 ParOldGen       total 92160K, used 65111K [0x00000000c0000000, 0x00000000c5a00000, 0x00000000eab00000)
  object space 92160K, 70% used [0x00000000c0000000,0x00000000c3f95f58,0x00000000c5a00000)
 Metaspace       used 68991K, committed 70016K, reserved 1114112K
  class space    used 8297K, committed 8768K, reserved 1048576K
}
Event: 134.353 GC heap after
{Heap after GC invocations=67 (full 4):
 PSYoungGen      total 15872K, used 1408K [0x00000000eab00000, 0x00000000ebd00000, 0x0000000100000000)
  eden space 14336K, 0% used [0x00000000eab00000,0x00000000eab00000,0x00000000eb900000)
  from space 1536K, 91% used [0x00000000ebb80000,0x00000000ebce0000,0x00000000ebd00000)
  to   space 2048K, 0% used [0x00000000eb900000,0x00000000eb900000,0x00000000ebb00000)
 ParOldGen       total 92160K, used 65111K [0x00000000c0000000, 0x00000000c5a00000, 0x00000000eab00000)
  object space 92160K, 70% used [0x00000000c0000000,0x00000000c3f95f58,0x00000000c5a00000)
 Metaspace       used 68991K, committed 70016K, reserved 1114112K
  class space    used 8297K, committed 8768K, reserved 1048576K
}
Event: 134.451 GC heap before
{Heap before GC invocations=68 (full 4):
 PSYoungGen      total 15872K, used 15744K [0x00000000eab00000, 0x00000000ebd00000, 0x0000000100000000)
  eden space 14336K, 100% used [0x00000000eab00000,0x00000000eb900000,0x00000000eb900000)
  from space 1536K, 91% used [0x00000000ebb80000,0x00000000ebce0000,0x00000000ebd00000)
  to   space 2048K, 0% used [0x00000000eb900000,0x00000000eb900000,0x00000000ebb00000)
 ParOldGen       total 92160K, used 65111K [0x00000000c0000000, 0x00000000c5a00000, 0x00000000eab00000)
  object space 92160K, 70% used [0x00000000c0000000,0x00000000c3f95f58,0x00000000c5a00000)
 Metaspace       used 69074K, committed 70080K, reserved 1114112K
  class space    used 8304K, committed 8768K, reserved 1048576K
}
Event: 134.456 GC heap after
{Heap after GC invocations=68 (full 4):
 PSYoungGen      total 16384K, used 1568K [0x00000000eab00000, 0x00000000ebd00000, 0x0000000100000000)
  eden space 14336K, 0% used [0x00000000eab00000,0x00000000eab00000,0x00000000eb900000)
  from space 2048K, 76% used [0x00000000eb900000,0x00000000eba88010,0x00000000ebb00000)
  to   space 2048K, 0% used [0x00000000ebb00000,0x00000000ebb00000,0x00000000ebd00000)
 ParOldGen       total 92160K, used 66463K [0x00000000c0000000, 0x00000000c5a00000, 0x00000000eab00000)
  object space 92160K, 72% used [0x00000000c0000000,0x00000000c40e7f58,0x00000000c5a00000)
 Metaspace       used 69074K, committed 70080K, reserved 1114112K
  class space    used 8304K, committed 8768K, reserved 1048576K
}
Event: 134.512 GC heap before
{Heap before GC invocations=69 (full 4):
 PSYoungGen      total 16384K, used 15904K [0x00000000eab00000, 0x00000000ebd00000, 0x0000000100000000)
  eden space 14336K, 100% used [0x00000000eab00000,0x00000000eb900000,0x00000000eb900000)
  from space 2048K, 76% used [0x00000000eb900000,0x00000000eba88010,0x00000000ebb00000)
  to   space 2048K, 0% used [0x00000000ebb00000,0x00000000ebb00000,0x00000000ebd00000)
 ParOldGen       total 92160K, used 66463K [0x00000000c0000000, 0x00000000c5a00000, 0x00000000eab00000)
  object space 92160K, 72% used [0x00000000c0000000,0x00000000c40e7f58,0x00000000c5a00000)
 Metaspace       used 69075K, committed 70080K, reserved 1114112K
  class space    used 8304K, committed 8768K, reserved 1048576K
}
Event: 134.516 GC heap after
{Heap after GC invocations=69 (full 4):
 PSYoungGen      total 16384K, used 1568K [0x00000000eab00000, 0x00000000ebd00000, 0x0000000100000000)
  eden space 14336K, 0% used [0x00000000eab00000,0x00000000eab00000,0x00000000eb900000)
  from space 2048K, 76% used [0x00000000ebb00000,0x00000000ebc88000,0x00000000ebd00000)
  to   space 2048K, 0% used [0x00000000eb900000,0x00000000eb900000,0x00000000ebb00000)
 ParOldGen       total 92160K, used 67971K [0x00000000c0000000, 0x00000000c5a00000, 0x00000000eab00000)
  object space 92160K, 73% used [0x00000000c0000000,0x00000000c4260e68,0x00000000c5a00000)
 Metaspace       used 69075K, committed 70080K, reserved 1114112K
  class space    used 8304K, committed 8768K, reserved 1048576K
}
Event: 134.568 GC heap before
{Heap before GC invocations=70 (full 4):
 PSYoungGen      total 16384K, used 15904K [0x00000000eab00000, 0x00000000ebd00000, 0x0000000100000000)
  eden space 14336K, 100% used [0x00000000eab00000,0x00000000eb900000,0x00000000eb900000)
  from space 2048K, 76% used [0x00000000ebb00000,0x00000000ebc88000,0x00000000ebd00000)
  to   space 2048K, 0% used [0x00000000eb900000,0x00000000eb900000,0x00000000ebb00000)
 ParOldGen       total 92160K, used 67971K [0x00000000c0000000, 0x00000000c5a00000, 0x00000000eab00000)
  object space 92160K, 73% used [0x00000000c0000000,0x00000000c4260e68,0x00000000c5a00000)
 Metaspace       used 69078K, committed 70080K, reserved 1114112K
  class space    used 8304K, committed 8768K, reserved 1048576K
}
Event: 134.572 GC heap after
{Heap after GC invocations=70 (full 4):
 PSYoungGen      total 15872K, used 1504K [0x00000000eab00000, 0x00000000ebc00000, 0x0000000100000000)
  eden space 14336K, 0% used [0x00000000eab00000,0x00000000eab00000,0x00000000eb900000)
  from space 1536K, 97% used [0x00000000eb900000,0x00000000eba78000,0x00000000eba80000)
  to   space 1536K, 0% used [0x00000000eba80000,0x00000000eba80000,0x00000000ebc00000)
 ParOldGen       total 92160K, used 69499K [0x00000000c0000000, 0x00000000c5a00000, 0x00000000eab00000)
  object space 92160K, 75% used [0x00000000c0000000,0x00000000c43dee68,0x00000000c5a00000)
 Metaspace       used 69078K, committed 70080K, reserved 1114112K
  class space    used 8304K, committed 8768K, reserved 1048576K
}
Event: 134.626 GC heap before
{Heap before GC invocations=71 (full 4):
 PSYoungGen      total 15872K, used 15840K [0x00000000eab00000, 0x00000000ebc00000, 0x0000000100000000)
  eden space 14336K, 100% used [0x00000000eab00000,0x00000000eb900000,0x00000000eb900000)
  from space 1536K, 97% used [0x00000000eb900000,0x00000000eba78000,0x00000000eba80000)
  to   space 1536K, 0% used [0x00000000eba80000,0x00000000eba80000,0x00000000ebc00000)
 ParOldGen       total 92160K, used 69499K [0x00000000c0000000, 0x00000000c5a00000, 0x00000000eab00000)
  object space 92160K, 75% used [0x00000000c0000000,0x00000000c43dee68,0x00000000c5a00000)
 Metaspace       used 69078K, committed 70080K, reserved 1114112K
  class space    used 8304K, committed 8768K, reserved 1048576K
}
Event: 134.631 GC heap after
{Heap after GC invocations=71 (full 4):
 PSYoungGen      total 13824K, used 1504K [0x00000000eab00000, 0x00000000ec000000, 0x0000000100000000)
  eden space 12288K, 0% used [0x00000000eab00000,0x00000000eab00000,0x00000000eb700000)
  from space 1536K, 97% used [0x00000000eba80000,0x00000000ebbf8010,0x00000000ebc00000)
  to   space 3584K, 0% used [0x00000000eb700000,0x00000000eb700000,0x00000000eba80000)
 ParOldGen       total 92160K, used 71035K [0x00000000c0000000, 0x00000000c5a00000, 0x00000000eab00000)
  object space 92160K, 77% used [0x00000000c0000000,0x00000000c455ee68,0x00000000c5a00000)
 Metaspace       used 69078K, committed 70080K, reserved 1114112K
  class space    used 8304K, committed 8768K, reserved 1048576K
}
Event: 134.734 GC heap before
{Heap before GC invocations=72 (full 4):
 PSYoungGen      total 13824K, used 13792K [0x00000000eab00000, 0x00000000ec000000, 0x0000000100000000)
  eden space 12288K, 100% used [0x00000000eab00000,0x00000000eb700000,0x00000000eb700000)
  from space 1536K, 97% used [0x00000000eba80000,0x00000000ebbf8010,0x00000000ebc00000)
  to   space 3584K, 0% used [0x00000000eb700000,0x00000000eb700000,0x00000000eba80000)
 ParOldGen       total 92160K, used 71035K [0x00000000c0000000, 0x00000000c5a00000, 0x00000000eab00000)
  object space 92160K, 77% used [0x00000000c0000000,0x00000000c455ee68,0x00000000c5a00000)
 Metaspace       used 69167K, committed 70144K, reserved 1114112K
  class space    used 8311K, committed 8768K, reserved 1048576K
}
Event: 134.741 GC heap after
{Heap after GC invocations=72 (full 4):
 PSYoungGen      total 13312K, used 800K [0x00000000eab00000, 0x00000000ebb00000, 0x0000000100000000)
  eden space 12288K, 0% used [0x00000000eab00000,0x00000000eab00000,0x00000000eb700000)
  from space 1024K, 78% used [0x00000000eb700000,0x00000000eb7c8000,0x00000000eb800000)
  to   space 2048K, 0% used [0x00000000eb900000,0x00000000eb900000,0x00000000ebb00000)
 ParOldGen       total 92160K, used 72555K [0x00000000c0000000, 0x00000000c5a00000, 0x00000000eab00000)
  object space 92160K, 78% used [0x00000000c0000000,0x00000000c46dae78,0x00000000c5a00000)
 Metaspace       used 69167K, committed 70144K, reserved 1114112K
  class space    used 8311K, committed 8768K, reserved 1048576K
}
Event: 134.792 GC heap before
{Heap before GC invocations=73 (full 4):
 PSYoungGen      total 13312K, used 13088K [0x00000000eab00000, 0x00000000ebb00000, 0x0000000100000000)
  eden space 12288K, 100% used [0x00000000eab00000,0x00000000eb700000,0x00000000eb700000)
  from space 1024K, 78% used [0x00000000eb700000,0x00000000eb7c8000,0x00000000eb800000)
  to   space 2048K, 0% used [0x00000000eb900000,0x00000000eb900000,0x00000000ebb00000)
 ParOldGen       total 92160K, used 72555K [0x00000000c0000000, 0x00000000c5a00000, 0x00000000eab00000)
  object space 92160K, 78% used [0x00000000c0000000,0x00000000c46dae78,0x00000000c5a00000)
 Metaspace       used 69167K, committed 70144K, reserved 1114112K
  class space    used 8311K, committed 8768K, reserved 1048576K
}
Event: 134.795 GC heap after
{Heap after GC invocations=73 (full 4):
 PSYoungGen      total 12800K, used 192K [0x00000000eab00000, 0x00000000eb980000, 0x0000000100000000)
  eden space 12288K, 0% used [0x00000000eab00000,0x00000000eab00000,0x00000000eb700000)
  from space 512K, 37% used [0x00000000eb900000,0x00000000eb930000,0x00000000eb980000)
  to   space 1024K, 0% used [0x00000000eb780000,0x00000000eb780000,0x00000000eb880000)
 ParOldGen       total 92160K, used 73331K [0x00000000c0000000, 0x00000000c5a00000, 0x00000000eab00000)
  object space 92160K, 79% used [0x00000000c0000000,0x00000000c479ce78,0x00000000c5a00000)
 Metaspace       used 69167K, committed 70144K, reserved 1114112K
  class space    used 8311K, committed 8768K, reserved 1048576K
}
Event: 135.083 GC heap before
{Heap before GC invocations=74 (full 4):
 PSYoungGen      total 12800K, used 12480K [0x00000000eab00000, 0x00000000eb980000, 0x0000000100000000)
  eden space 12288K, 100% used [0x00000000eab00000,0x00000000eb700000,0x00000000eb700000)
  from space 512K, 37% used [0x00000000eb900000,0x00000000eb930000,0x00000000eb980000)
  to   space 1024K, 0% used [0x00000000eb780000,0x00000000eb780000,0x00000000eb880000)
 ParOldGen       total 92160K, used 73331K [0x00000000c0000000, 0x00000000c5a00000, 0x00000000eab00000)
  object space 92160K, 79% used [0x00000000c0000000,0x00000000c479ce78,0x00000000c5a00000)
 Metaspace       used 70789K, committed 71744K, reserved 1114112K
  class space    used 8467K, committed 8896K, reserved 1048576K
}
Event: 135.084 GC heap after
{Heap after GC invocations=74 (full 4):
 PSYoungGen      total 13312K, used 448K [0x00000000eab00000, 0x00000000eb980000, 0x0000000100000000)
  eden space 12288K, 0% used [0x00000000eab00000,0x00000000eab00000,0x00000000eb700000)
  from space 1024K, 43% used [0x00000000eb780000,0x00000000eb7f0000,0x00000000eb880000)
  to   space 512K, 0% used [0x00000000eb900000,0x00000000eb900000,0x00000000eb980000)
 ParOldGen       total 92160K, used 73483K [0x00000000c0000000, 0x00000000c5a00000, 0x00000000eab00000)
  object space 92160K, 79% used [0x00000000c0000000,0x00000000c47c2e78,0x00000000c5a00000)
 Metaspace       used 70789K, committed 71744K, reserved 1114112K
  class space    used 8467K, committed 8896K, reserved 1048576K
}
Event: 135.745 GC heap before
{Heap before GC invocations=75 (full 4):
 PSYoungGen      total 13312K, used 12736K [0x00000000eab00000, 0x00000000eb980000, 0x0000000100000000)
  eden space 12288K, 100% used [0x00000000eab00000,0x00000000eb700000,0x00000000eb700000)
  from space 1024K, 43% used [0x00000000eb780000,0x00000000eb7f0000,0x00000000eb880000)
  to   space 512K, 0% used [0x00000000eb900000,0x00000000eb900000,0x00000000eb980000)
 ParOldGen       total 92160K, used 73483K [0x00000000c0000000, 0x00000000c5a00000, 0x00000000eab00000)
  object space 92160K, 79% used [0x00000000c0000000,0x00000000c47c2e78,0x00000000c5a00000)
 Metaspace       used 71137K, committed 72128K, reserved 1114112K
  class space    used 8498K, committed 8960K, reserved 1048576K
}
Event: 135.747 GC heap after
{Heap after GC invocations=75 (full 4):
 PSYoungGen      total 12800K, used 486K [0x00000000eab00000, 0x00000000eba00000, 0x0000000100000000)
  eden space 12288K, 0% used [0x00000000eab00000,0x00000000eab00000,0x00000000eb700000)
  from space 512K, 95% used [0x00000000eb900000,0x00000000eb9799e8,0x00000000eb980000)
  to   space 1536K, 0% used [0x00000000eb700000,0x00000000eb700000,0x00000000eb880000)
 ParOldGen       total 92160K, used 73983K [0x00000000c0000000, 0x00000000c5a00000, 0x00000000eab00000)
  object space 92160K, 80% used [0x00000000c0000000,0x00000000c483fc20,0x00000000c5a00000)
 Metaspace       used 71137K, committed 72128K, reserved 1114112K
  class space    used 8498K, committed 8960K, reserved 1048576K
}
Event: 135.847 GC heap before
{Heap before GC invocations=76 (full 4):
 PSYoungGen      total 12800K, used 12774K [0x00000000eab00000, 0x00000000eba00000, 0x0000000100000000)
  eden space 12288K, 100% used [0x00000000eab00000,0x00000000eb700000,0x00000000eb700000)
  from space 512K, 95% used [0x00000000eb900000,0x00000000eb9799e8,0x00000000eb980000)
  to   space 1536K, 0% used [0x00000000eb700000,0x00000000eb700000,0x00000000eb880000)
 ParOldGen       total 92160K, used 73983K [0x00000000c0000000, 0x00000000c5a00000, 0x00000000eab00000)
  object space 92160K, 80% used [0x00000000c0000000,0x00000000c483fc20,0x00000000c5a00000)
 Metaspace       used 71169K, committed 72192K, reserved 1114112K
  class space    used 8500K, committed 8960K, reserved 1048576K
}
Event: 135.849 GC heap after
{Heap after GC invocations=76 (full 4):
 PSYoungGen      total 13824K, used 1472K [0x00000000eab00000, 0x00000000ebb00000, 0x0000000100000000)
  eden space 12288K, 0% used [0x00000000eab00000,0x00000000eab00000,0x00000000eb700000)
  from space 1536K, 95% used [0x00000000eb700000,0x00000000eb870000,0x00000000eb880000)
  to   space 2048K, 0% used [0x00000000eb900000,0x00000000eb900000,0x00000000ebb00000)
 ParOldGen       total 92160K, used 74444K [0x00000000c0000000, 0x00000000c5a00000, 0x00000000eab00000)
  object space 92160K, 80% used [0x00000000c0000000,0x00000000c48b3380,0x00000000c5a00000)
 Metaspace       used 71169K, committed 72192K, reserved 1114112K
  class space    used 8500K, committed 8960K, reserved 1048576K
}

